# JRE version: OpenJDK Runtime Environment (11.0.2+9) (build 11.0.2+9)
# Java VM: OpenJDK 64-Bit Server VM (11.0.2+9, mixed mode, tiered, compressed oops, g1 gc, windows-amd64)
Heap:
 garbage-first heap   total 262144K, used 98574K [0x00000000e0000000, 0x0000000100000000)
  region size 1024K, 82 young (83968K), 13 survivors (13312K)
 Metaspace       used 50904K, capacity 52298K, committed 52608K, reserved 301056K
  class space    used 6699K, capacity 7230K, committed 7296K, reserved 253952K
GC Heap History (10 events):
Event: 3.224 GC heap before
{Heap before GC invocations=0 (full 0):
 garbage-first heap   total 262144K, used 19456K [0x00000000e0000000, 0x0000000100000000)
  region size 1024K, 14 young (14336K), 0 survivors (0K)
 Metaspace       used 6859K, capacity 6993K, committed 7168K, reserved 262144K
  class space    used 603K, capacity 650K, committed 768K, reserved 253952K
}
Event: 3.232 GC heap after
{Heap after GC invocations=1 (full 0):
 garbage-first heap   total 262144K, used 7682K [0x00000000e0000000, 0x0000000100000000)
  region size 1024K, 2 young (2048K), 2 survivors (2048K)
 Metaspace       used 6859K, capacity 6993K, committed 7168K, reserved 262144K
  class space    used 603K, capacity 650K, committed 768K, reserved 253952K
}
Event: 16.736 GC heap before
{Heap before GC invocations=1 (full 0):
 garbage-first heap   total 262144K, used 117250K [0x00000000e0000000, 0x0000000100000000)
  region size 1024K, 111 young (113664K), 2 survivors (2048K)
 Metaspace       used 20606K, capacity 21130K, committed 21248K, reserved 272384K
  class space    used 2522K, capacity 2744K, committed 2816K, reserved 253952K
}
Event: 16.749 GC heap after
{Heap after GC invocations=2 (full 0):
 garbage-first heap   total 262144K, used 16038K [0x00000000e0000000, 0x0000000100000000)
  region size 1024K, 11 young (11264K), 11 survivors (11264K)
 Metaspace       used 20606K, capacity 21130K, committed 21248K, reserved 272384K
  class space    used 2522K, capacity 2744K, committed 2816K, reserved 253952K
}
Event: 17.194 GC heap before
{Heap before GC invocations=3 (full 0):
 garbage-first heap   total 262144K, used 28326K [0x00000000e0000000, 0x0000000100000000)
  region size 1024K, 23 young (23552K), 11 survivors (11264K)
 Metaspace       used 21621K, capacity 22228K, committed 22400K, reserved 274432K
  class space    used 2725K, capacity 2940K, committed 2944K, reserved 253952K
}
Event: 17.208 GC heap after
{Heap after GC invocations=4 (full 0):
 garbage-first heap   total 262144K, used 17421K [0x00000000e0000000, 0x0000000100000000)
  region size 1024K, 1 young (1024K), 1 survivors (1024K)
 Metaspace       used 21621K, capacity 22228K, committed 22400K, reserved 274432K
  class space    used 2725K, capacity 2940K, committed 2944K, reserved 253952K
}
Event: 24.897 GC heap before
{Heap before GC invocations=4 (full 0):
 garbage-first heap   total 262144K, used 106509K [0x00000000e0000000, 0x0000000100000000)
  region size 1024K, 90 young (92160K), 1 survivors (1024K)
 Metaspace       used 35000K, capacity 35783K, committed 35840K, reserved 286720K
  class space    used 4521K, capacity 4817K, committed 4864K, reserved 253952K
}
Event: 24.908 GC heap after
{Heap after GC invocations=5 (full 0):
 garbage-first heap   total 262144K, used 21643K [0x00000000e0000000, 0x0000000100000000)
  region size 1024K, 6 young (6144K), 6 survivors (6144K)
 Metaspace       used 35000K, capacity 35783K, committed 35840K, reserved 286720K
  class space    used 4521K, capacity 4817K, committed 4864K, reserved 253952K
}
Event: 30.266 GC heap before
{Heap before GC invocations=6 (full 0):
 garbage-first heap   total 262144K, used 137355K [0x00000000e0000000, 0x0000000100000000)
  region size 1024K, 116 young (118784K), 6 survivors (6144K)
 Metaspace       used 43728K, capacity 44770K, committed 44928K, reserved 292864K
  class space    used 5621K, capacity 6004K, committed 6016K, reserved 253952K
}
Event: 30.285 GC heap after
{Heap after GC invocations=7 (full 0):
 garbage-first heap   total 262144K, used 28942K [0x00000000e0000000, 0x0000000100000000)
  region size 1024K, 13 young (13312K), 13 survivors (13312K)
 Metaspace       used 43728K, capacity 44770K, committed 44928K, reserved 292864K
  class space    used 5621K, capacity 6004K, committed 6016K, reserved 253952K
}

